<?xml version="1.0" encoding="UTF-8"?>
<robot generator="Robot 7.3.2 (Python 3.12.3 on linux)" generated="2025-12-08T15:37:00.787250" rpa="false" schemaversion="5">
<suite id="s1" name="Login" source="/home/diogo/Documentos/tqc-blacklist/tests/ui/login/login.robot">
<test id="s1-t1" name="Cenario 01: Login de usuário com sucesso" line="7">
<kw name="Abrir Navegador" owner="login" type="SETUP">
<kw name="Open Browser" owner="SeleniumLibrary">
<msg time="2025-12-08T15:37:00.974114" level="INFO">Opening browser 'chrome' to base url 'https://blacklist.qacoders.dev.br/login'.</msg>
<arg>url=${BASE_URL_UI}/login</arg>
<arg>browser=${BROWSER}</arg>
<doc>Opens a new browser instance to the optional ``url``.</doc>
<status status="PASS" start="2025-12-08T15:37:00.973776" elapsed="4.742293"/>
</kw>
<kw name="Maximize Browser Window" owner="SeleniumLibrary">
<doc>Maximizes current browser window.</doc>
<status status="PASS" start="2025-12-08T15:37:05.716302" elapsed="0.083938"/>
</kw>
<status status="PASS" start="2025-12-08T15:37:00.973113" elapsed="4.827399"/>
</kw>
<kw name="Dado que estou na página de login" owner="login">
<kw name="Wait Until Location Is" owner="SeleniumLibrary">
<arg>${BASE_URL_UI}/login</arg>
<doc>Waits until the current URL is ``expected``.</doc>
<status status="PASS" start="2025-12-08T15:37:05.801700" elapsed="0.019043"/>
</kw>
<kw name="Location Should Be" owner="SeleniumLibrary">
<msg time="2025-12-08T15:37:05.835743" level="INFO">Current location is 'https://blacklist.qacoders.dev.br/login'.</msg>
<arg>${BASE_URL_UI}/login</arg>
<doc>Verifies that the current URL is exactly ``url``.</doc>
<status status="PASS" start="2025-12-08T15:37:05.822449" elapsed="0.013688"/>
</kw>
<status status="PASS" start="2025-12-08T15:37:05.801025" elapsed="0.035469"/>
</kw>
<kw name="Quando eu inserir um usuário válido e senha válida" owner="login">
<kw name="Wait Until Element Is Visible" owner="SeleniumLibrary">
<arg>${ID_EMAIL}</arg>
<doc>Waits until the element ``locator`` is visible.</doc>
<status status="PASS" start="2025-12-08T15:37:05.837461" elapsed="0.049904"/>
</kw>
<kw name="Input Text" owner="SeleniumLibrary">
<msg time="2025-12-08T15:37:05.889501" level="INFO">Typing text 'blacklist_robot@qa.com' into text field 'id:email'.</msg>
<arg>${ID_EMAIL}</arg>
<arg>${USER_MAIL}</arg>
<doc>Types the given ``text`` into the text field identified by ``locator``.</doc>
<status status="PASS" start="2025-12-08T15:37:05.888159" elapsed="0.315804"/>
</kw>
<kw name="Wait Until Element Is Visible" owner="SeleniumLibrary">
<arg>${ID_PASSWORD}</arg>
<doc>Waits until the element ``locator`` is visible.</doc>
<status status="PASS" start="2025-12-08T15:37:06.204194" elapsed="0.024924"/>
</kw>
<kw name="Input Password" owner="SeleniumLibrary">
<msg time="2025-12-08T15:37:06.229801" level="INFO">Typing password into text field 'id:password'.</msg>
<msg time="2025-12-08T15:37:06.280652" level="INFO">Temporally setting log level to: NONE</msg>
<arg>${ID_PASSWORD}</arg>
<arg>${USER_PASSWORD}</arg>
<doc>Types the given password into the text field identified by ``locator``.</doc>
<status status="PASS" start="2025-12-08T15:37:06.229455" elapsed="0.144428"/>
</kw>
<status status="PASS" start="2025-12-08T15:37:05.836946" elapsed="0.537102"/>
</kw>
<kw name="E clicar no botão de login" owner="login">
<kw name="Wait Until Element Is Visible" owner="SeleniumLibrary">
<arg>${ID_LOGIN}</arg>
<doc>Waits until the element ``locator`` is visible.</doc>
<status status="PASS" start="2025-12-08T15:37:06.374962" elapsed="0.042021"/>
</kw>
<kw name="Click Button" owner="SeleniumLibrary">
<msg time="2025-12-08T15:37:06.417504" level="INFO">Clicking button 'id:login'.</msg>
<arg>${ID_LOGIN}</arg>
<doc>Clicks the button identified by ``locator``.</doc>
<status status="PASS" start="2025-12-08T15:37:06.417196" elapsed="0.166527"/>
</kw>
<status status="PASS" start="2025-12-08T15:37:06.374377" elapsed="0.209484"/>
</kw>
<kw name="Então devo ser redirecionado para a página Home" owner="login">
<kw name="Wait Until Location Is" owner="SeleniumLibrary">
<arg>${BASE_URL_UI}/home</arg>
<doc>Waits until the current URL is ``expected``.</doc>
<status status="PASS" start="2025-12-08T15:37:06.584461" elapsed="1.910206"/>
</kw>
<kw name="Location Should Be" owner="SeleniumLibrary">
<msg time="2025-12-08T15:37:08.512925" level="INFO">Current location is 'https://blacklist.qacoders.dev.br/home'.</msg>
<arg>${BASE_URL_UI}/home</arg>
<doc>Verifies that the current URL is exactly ``url``.</doc>
<status status="PASS" start="2025-12-08T15:37:08.494997" elapsed="0.018573"/>
</kw>
<status status="PASS" start="2025-12-08T15:37:06.584125" elapsed="1.929992"/>
</kw>
<kw name="Fechar Navegador" owner="login" type="TEARDOWN">
<kw name="Close Browser" owner="SeleniumLibrary">
<doc>Closes the current browser.</doc>
<status status="PASS" start="2025-12-08T15:37:08.517621" elapsed="0.107030"/>
</kw>
<status status="PASS" start="2025-12-08T15:37:08.515948" elapsed="0.109037"/>
</kw>
<doc>Realizar login</doc>
<status status="PASS" start="2025-12-08T15:37:00.972297" elapsed="7.652978"/>
</test>
<status status="PASS" start="2025-12-08T15:37:00.788373" elapsed="7.838161"/>
</suite>
<statistics>
<total>
<stat pass="1" fail="0" skip="0">All Tests</stat>
</total>
<tag>
</tag>
<suite>
<stat name="Login" id="s1" pass="1" fail="0" skip="0">Login</stat>
</suite>
</statistics>
<errors>
</errors>
</robot>
